<?xml version="1.0" encoding="UTF-8"?>
<!-- Generated by org.testng.reporters.JUnitReportReporter -->
<testsuite skipped="0" hostname="LAPTOP-5I3A2SA0" name="happytrip.com.Login" tests="10" failures="0" timestamp="2020-07-06T19:13:39 IST" time="165.687" errors="0">
  <testcase name="loginAsAdmin" time="17.669" classname="happytrip.com.Login"/>
  <system-out/>
  <testcase name="loginAsAdmin" time="14.518" classname="happytrip.com.Login"/>
  <system-out/>
  <testcase name="loginAsAdmin" time="14.655" classname="happytrip.com.Login"/>
  <system-out/>
  <testcase name="loginAsAdmin" time="16.553" classname="happytrip.com.Login"/>
  <system-out/>
  <testcase name="loginAsAdmin" time="15.786" classname="happytrip.com.Login"/>
  <system-out/>
  <testcase name="loginAsAdmin" time="22.574" classname="happytrip.com.Login"/>
  <system-out/>
  <testcase name="loginAsAdmin" time="20.164" classname="happytrip.com.Login"/>
  <system-out/>
  <testcase name="loginAsAdmin" time="15.879" classname="happytrip.com.Login"/>
  <system-out/>
  <testcase name="loginAsAdmin" time="13.996" classname="happytrip.com.Login"/>
  <system-out/>
  <testcase name="loginAsAdmin" time="13.893" classname="happytrip.com.Login"/>
  <system-out/>
</testsuite> <!-- happytrip.com.Login -->
